<?xml version="1.0" encoding="UTF-8"?>
<!-- Generated by org.testng.reporters.JUnitReportReporter -->
<testsuite skipped="0" hostname="CDGGLTR079" name="login.Login_Ng5" tests="1" failures="0" timestamp="2020-05-05T18:54:52 IST" time="3.668" errors="0">
  <testcase name="testNegative" time="3.668" classname="login.Login_Ng5"/>
  <system-out/>
</testsuite> <!-- login.Login_Ng5 -->
