<?xml version="1.0" encoding="UTF-8"?>
<!-- Generated by org.testng.reporters.JUnitReportReporter -->
<testsuite skipped="0" hostname="CDGGLTR079" name="mendixnew.NewECR" tests="1" failures="0" timestamp="2020-05-21T16:54:38 IST" time="45.692" errors="0">
  <testcase name="testNewECR" time="45.692" classname="mendixnew.NewECR"/>
  <system-out/>
</testsuite> <!-- mendixnew.NewECR -->
