<?xml version="1.0" encoding="UTF-8"?>
<!-- Generated by org.testng.reporters.JUnitReportReporter -->
<testsuite skipped="0" hostname="CDGGLTR079" name="mandixnew.InboxECRClose" tests="1" failures="0" timestamp="2020-05-20T17:56:54 IST" time="54.416" errors="0">
  <testcase name="testInboxECRClose" time="54.416" classname="mandixnew.InboxECRClose"/>
  <system-out/>
</testsuite> <!-- mandixnew.InboxECRClose -->
