<?xml version="1.0" encoding="UTF-8"?>
<!-- Generated by org.testng.reporters.JUnitReportReporter -->
<testsuite skipped="0" hostname="CDGGLTR079" name="mandixnew.Homepage" tests="1" failures="0" timestamp="2020-05-01T16:22:18 IST" time="25.595" errors="0">
  <testcase name="testHomepage" time="25.595" classname="mandixnew.Homepage"/>
  <system-out/>
</testsuite> <!-- mandixnew.Homepage -->
