<?xml version="1.0" encoding="UTF-8"?>
<!-- Generated by org.testng.reporters.JUnitReportReporter -->
<testsuite skipped="0" hostname="CDGGLTR079" name="mandixnew.Project" tests="1" failures="0" timestamp="2020-05-21T11:26:58 IST" time="32.356" errors="0">
  <testcase name="testCreateProject" time="32.356" classname="mandixnew.Project"/>
  <system-out/>
</testsuite> <!-- mandixnew.Project -->
