<?xml version="1.0" encoding="UTF-8"?>
<!-- Generated by org.testng.reporters.JUnitReportReporter -->
<testsuite skipped="0" hostname="CDGGLTR079" name="mandixnew.Inbox" tests="1" failures="0" timestamp="2020-05-20T17:40:11 IST" time="17.991" errors="0">
  <testcase name="testInbox" time="17.991" classname="mandixnew.Inbox"/>
  <system-out/>
</testsuite> <!-- mandixnew.Inbox -->
