<?xml version="1.0" encoding="UTF-8"?>
<!-- Generated by org.testng.reporters.JUnitReportReporter -->
<testsuite skipped="0" hostname="CDGGLTR079" name="mendixnew.Project" tests="1" failures="0" timestamp="2020-05-21T16:53:36 IST" time="52.464" errors="0">
  <testcase name="testCreateProject" time="52.464" classname="mendixnew.Project"/>
  <system-out/>
</testsuite> <!-- mendixnew.Project -->
