<?xml version="1.0" encoding="UTF-8"?>
<!-- Generated by org.testng.reporters.JUnitReportReporter -->
<testsuite skipped="0" hostname="CDGGLTR079" name="mendixnew.Inbox1" tests="1" failures="0" timestamp="2020-05-21T14:29:14 IST" time="120.817" errors="0">
  <testcase name="testInbox1" time="120.817" classname="mendixnew.Inbox1"/>
  <system-out/>
</testsuite> <!-- mendixnew.Inbox1 -->
