<?xml version="1.0" encoding="UTF-8"?>
<!-- Generated by org.testng.reporters.JUnitReportReporter -->
<testsuite skipped="0" hostname="CDGGLTR079" name="mendixnew.InboxECRClose" tests="1" failures="0" timestamp="2020-05-21T17:06:08 IST" time="71.025" errors="0">
  <testcase name="testInboxECRClose" time="71.025" classname="mendixnew.InboxECRClose"/>
  <system-out/>
</testsuite> <!-- mendixnew.InboxECRClose -->
