<?xml version="1.0" encoding="UTF-8"?>
<!-- Generated by org.testng.reporters.JUnitReportReporter -->
<testsuite skipped="0" hostname="CDGGLTR079" name="mandixnew.ECR" tests="1" failures="0" timestamp="2020-05-01T16:22:18 IST" time="52.855" errors="0">
  <testcase name="testECR" time="52.855" classname="mandixnew.ECR"/>
  <system-out/>
</testsuite> <!-- mandixnew.ECR -->
